[debug] [2022-07-30T03:08:09.001Z] ----------------------------------------------------------------------
[debug] [2022-07-30T03:08:09.004Z] Command:       C:\Program Files\nodejs\node.exe C:\Users\mayab\Github\node_modules\firebase-tools\lib\bin\firebase.js init
[debug] [2022-07-30T03:08:09.005Z] CLI Version:   11.4.0
[debug] [2022-07-30T03:08:09.006Z] Platform:      win32
[debug] [2022-07-30T03:08:09.006Z] Node Version:  v16.15.0
[debug] [2022-07-30T03:08:09.006Z] Time:          Fri Jul 29 2022 23:08:09 GMT-0400 (Eastern Daylight Time)
[debug] [2022-07-30T03:08:09.007Z] ----------------------------------------------------------------------
[debug] 
[debug] [2022-07-30T03:08:09.017Z] > command requires scopes: ["email","openid","https://www.googleapis.com/auth/cloudplatformprojects.readonly","https://www.googleapis.com/auth/firebase","https://www.googleapis.com/auth/cloud-platform"]
[debug] [2022-07-30T03:08:09.018Z] > authorizing via signed-in user (maya.brown1207@gmail.com)
[info] 
     ######## #### ########  ######## ########     ###     ######  ########
     ##        ##  ##     ## ##       ##     ##  ##   ##  ##       ##
     ######    ##  ########  ######   ########  #########  ######  ######
     ##        ##  ##    ##  ##       ##     ## ##     ##       ## ##
     ##       #### ##     ## ######## ########  ##     ##  ######  ########

You're about to initialize a Firebase project in this directory:

  C:\Users\mayab\Github Repos\authInMERN\household-inv2

[info] 
=== Project Setup
[info] 
[info] First, let's associate this project directory with a Firebase project.
[info] You can create multiple project aliases by running firebase use --add, 
[info] but for now we'll just set up a default project.
[info] 
[info] i  If you want to create a project in a Google Cloud organization or folder, please use "firebase projects:create" instead, and return to this command when you've created the project. 
[debug] [2022-07-30T03:09:05.118Z] >>> [apiv2][query] POST https://cloudresourcemanager.googleapis.com/v1/projects [none]
[debug] [2022-07-30T03:09:05.119Z] >>> [apiv2][body] POST https://cloudresourcemanager.googleapis.com/v1/projects {"projectId":"household-inv","name":"WestBocaInventorySystem"}
[debug] [2022-07-30T03:09:05.607Z] <<< [apiv2][status] POST https://cloudresourcemanager.googleapis.com/v1/projects 200
[debug] [2022-07-30T03:09:05.608Z] <<< [apiv2][body] POST https://cloudresourcemanager.googleapis.com/v1/projects {"name":"operations/cp.8936704278846846366"}
[debug] [2022-07-30T03:09:05.611Z] >>> [apiv2][query] GET https://cloudresourcemanager.googleapis.com/v1/operations/cp.8936704278846846366 [none]
[debug] [2022-07-30T03:09:05.987Z] <<< [apiv2][status] GET https://cloudresourcemanager.googleapis.com/v1/operations/cp.8936704278846846366 200
[debug] [2022-07-30T03:09:05.988Z] <<< [apiv2][body] GET https://cloudresourcemanager.googleapis.com/v1/operations/cp.8936704278846846366 {"name":"operations/cp.8936704278846846366"}
[debug] [2022-07-30T03:09:06.499Z] [Project Creation Poller] Retrying task index 0
[debug] [2022-07-30T03:09:06.500Z] >>> [apiv2][query] GET https://cloudresourcemanager.googleapis.com/v1/operations/cp.8936704278846846366 [none]
[debug] [2022-07-30T03:09:07.009Z] <<< [apiv2][status] GET https://cloudresourcemanager.googleapis.com/v1/operations/cp.8936704278846846366 200
[debug] [2022-07-30T03:09:07.010Z] <<< [apiv2][body] GET https://cloudresourcemanager.googleapis.com/v1/operations/cp.8936704278846846366 {"name":"operations/cp.8936704278846846366"}
[debug] [2022-07-30T03:09:08.018Z] [Project Creation Poller] Retrying task index 0
[debug] [2022-07-30T03:09:08.019Z] >>> [apiv2][query] GET https://cloudresourcemanager.googleapis.com/v1/operations/cp.8936704278846846366 [none]
[debug] [2022-07-30T03:09:08.393Z] <<< [apiv2][status] GET https://cloudresourcemanager.googleapis.com/v1/operations/cp.8936704278846846366 200
[debug] [2022-07-30T03:09:08.394Z] <<< [apiv2][body] GET https://cloudresourcemanager.googleapis.com/v1/operations/cp.8936704278846846366 {"name":"operations/cp.8936704278846846366","metadata":{"@type":"type.googleapis.com/google.cloudresourcemanager.v1.ProjectCreationStatus","gettable":true}}
[debug] [2022-07-30T03:09:10.405Z] [Project Creation Poller] Retrying task index 0
[debug] [2022-07-30T03:09:10.406Z] >>> [apiv2][query] GET https://cloudresourcemanager.googleapis.com/v1/operations/cp.8936704278846846366 [none]
[debug] [2022-07-30T03:09:10.817Z] <<< [apiv2][status] GET https://cloudresourcemanager.googleapis.com/v1/operations/cp.8936704278846846366 200
[debug] [2022-07-30T03:09:10.817Z] <<< [apiv2][body] GET https://cloudresourcemanager.googleapis.com/v1/operations/cp.8936704278846846366 {"name":"operations/cp.8936704278846846366","metadata":{"@type":"type.googleapis.com/google.cloudresourcemanager.v1.ProjectCreationStatus","gettable":true,"ready":true},"done":true,"response":{"@type":"type.googleapis.com/google.cloudresourcemanager.v1.Project","projectNumber":"345500174837","projectId":"household-inv","lifecycleState":"ACTIVE","name":"WestBocaInventorySystem","createTime":"2022-07-30T03:09:05.606Z"}}
[debug] [2022-07-30T03:09:10.822Z] >>> [apiv2][query] POST https://firebase.googleapis.com/v1beta1/projects/household-inv:addFirebase [none]
[debug] [2022-07-30T03:09:11.410Z] <<< [apiv2][status] POST https://firebase.googleapis.com/v1beta1/projects/household-inv:addFirebase 403
[debug] [2022-07-30T03:09:11.410Z] <<< [apiv2][body] POST https://firebase.googleapis.com/v1beta1/projects/household-inv:addFirebase {"error":{"code":403,"message":"The caller does not have permission","status":"PERMISSION_DENIED"}}
[debug] [2022-07-30T03:09:11.411Z] HTTP Error: 403, The caller does not have permission
[debug] [2022-07-30T03:09:11.506Z] FirebaseError: HTTP Error: 403, The caller does not have permission
    at responseToError (C:\Users\mayab\Github\node_modules\firebase-tools\lib\responseToError.js:49:12)
    at RetryOperation._fn (C:\Users\mayab\Github\node_modules\firebase-tools\lib\apiv2.js:288:77)
    at processTicksAndRejections (node:internal/process/task_queues:96:5)
[error] 
[error] Error: Failed to add Firebase to Google Cloud Platform project. See firebase-debug.log for more info.
